2017-08-16T16:18:23.954+0100 I CONTROL  [initandlisten] MongoDB starting : pid=16296 port=27017 dbpath=\data\db 64-bit host=L7-D5Q9ZR32
2017-08-16T16:18:23.954+0100 I CONTROL  [initandlisten] targetMinOS: Windows 7/Windows Server 2008 R2
2017-08-16T16:18:23.954+0100 I CONTROL  [initandlisten] db version v3.4.7
2017-08-16T16:18:23.955+0100 I CONTROL  [initandlisten] git version: cf38c1b8a0a8dca4a11737581beafef4fe120bcd
2017-08-16T16:18:23.955+0100 I CONTROL  [initandlisten] OpenSSL version: OpenSSL 1.0.1u-fips  22 Sep 2016
2017-08-16T16:18:23.955+0100 I CONTROL  [initandlisten] allocator: tcmalloc
2017-08-16T16:18:23.955+0100 I CONTROL  [initandlisten] modules: none
2017-08-16T16:18:23.955+0100 I CONTROL  [initandlisten] build environment:
2017-08-16T16:18:23.956+0100 I CONTROL  [initandlisten]     distmod: 2008plus-ssl
2017-08-16T16:18:23.956+0100 I CONTROL  [initandlisten]     distarch: x86_64
2017-08-16T16:18:23.956+0100 I CONTROL  [initandlisten]     target_arch: x86_64
2017-08-16T16:18:23.956+0100 I CONTROL  [initandlisten] options: { config: "mongo-db/mongod.cfg", storage: { dbPath: "\data\db" }, systemLog: { destination: "file", path: "mongod.log" } }
2017-08-16T16:18:23.959+0100 I -        [initandlisten] Detected data files in \data\db created by the 'wiredTiger' storage engine, so setting the active storage engine to 'wiredTiger'.
2017-08-16T16:18:23.960+0100 I STORAGE  [initandlisten] wiredtiger_open config: create,cache_size=3536M,session_max=20000,eviction=(threads_min=4,threads_max=4),config_base=false,statistics=(fast),log=(enabled=true,archive=true,path=journal,compressor=snappy),file_manager=(close_idle_time=100000),checkpoint=(wait=60,log_size=2GB),statistics_log=(wait=0),
2017-08-16T16:18:25.636+0100 I CONTROL  [initandlisten] 
2017-08-16T16:18:25.636+0100 I CONTROL  [initandlisten] ** WARNING: Access control is not enabled for the database.
2017-08-16T16:18:25.636+0100 I CONTROL  [initandlisten] **          Read and write access to data and configuration is unrestricted.
2017-08-16T16:18:25.636+0100 I CONTROL  [initandlisten] 
2017-08-16T16:18:36.024+0100 I FTDC     [initandlisten] Initializing full-time diagnostic data capture with directory '/data/db/diagnostic.data'
2017-08-16T16:18:36.037+0100 I NETWORK  [thread1] waiting for connections on port 27017
2017-08-16T16:19:25.321+0100 I CONTROL  [thread2] Ctrl-C signal
2017-08-16T16:19:25.321+0100 I CONTROL  [consoleTerminate] got CTRL_C_EVENT, will terminate after current cmd ends
2017-08-16T16:19:25.321+0100 I NETWORK  [consoleTerminate] shutdown: going to close listening sockets...
2017-08-16T16:19:25.321+0100 I NETWORK  [consoleTerminate] closing listening socket: 432
2017-08-16T16:19:25.321+0100 I NETWORK  [consoleTerminate] shutdown: going to flush diaglog...
2017-08-16T16:19:25.321+0100 I FTDC     [consoleTerminate] Shutting down full-time diagnostic data capture
2017-08-16T16:19:25.334+0100 I STORAGE  [consoleTerminate] WiredTigerKVEngine shutting down
2017-08-16T16:19:26.136+0100 I STORAGE  [consoleTerminate] shutdown: removing fs lock...
2017-08-16T16:19:26.146+0100 I CONTROL  [consoleTerminate] now exiting
2017-08-16T16:19:26.146+0100 I CONTROL  [consoleTerminate] shutting down with code:12
2017-08-16T16:19:26.146+0100